Started by user [8mha:////4MysMQCf1D+OCnlKOheSkx4Uc8bQBDtISmx1ixb2fyVuAAAAqR+LCAAAAAAAAP9b85aBtbiIQTGjNKU4P08vOT+vOD8nVc83PyU1x6OyILUoJzMv2y+/JJUBAhiZGBgqihhk0NSjKDWzXb3RdlLBUSYGJk8GtpzUvPSSDB8G5tKinBIGIZ+sxLJE/ZzEvHT94JKizLx0a6BxUmjGOUNodHsLgAy1EgZZ/dLi1CL9rMTKxLzE9MSy1LzsxJLE4tKUjMTsxCIAet+PvdIAAAA=[0mjaya naga venkata sudhakar bavirisetty
Obtained demo_jenkinsfile from git https://github.com/jayanagavenkatasudhakar/jenkins.git
Running in Durability level: MAX_SURVIVABILITY
org.codehaus.groovy.control.MultipleCompilationErrorsException: startup failed:
WorkflowScript: 56: Expected a step @ line 56, column 13.
   			subject: "Jenkins PIPELINE Build SUCESS"
               ^

WorkflowScript: 60: Expected a step @ line 60, column 13.
   			subject: "Jenkins PIPELINE Build FAILED"
               ^

WorkflowScript: 55: Missing required parameter: "subject" @ line 55, column 4.
   			mail to:"madhusudhanreddy.putluru@jasmin-infotech.com,jayanagavenkatasudhakar.bavirisetty@jasmin-infotech.com,madhubala.subbaiya@jasmin-infotech.com"
      ^

WorkflowScript: 55: Missing required parameter: "body" @ line 55, column 4.
   			mail to:"madhusudhanreddy.putluru@jasmin-infotech.com,jayanagavenkatasudhakar.bavirisetty@jasmin-infotech.com,madhubala.subbaiya@jasmin-infotech.com"
      ^

WorkflowScript: 59: Missing required parameter: "subject" @ line 59, column 4.
   			mail to:"madhusudhanreddy.putluru@jasmin-infotech.com,jayanagavenkatasudhakar.bavirisetty@jasmin-infotech.com,madhubala.subbaiya@jasmin-infotech.com"
      ^

WorkflowScript: 59: Missing required parameter: "body" @ line 59, column 4.
   			mail to:"madhusudhanreddy.putluru@jasmin-infotech.com,jayanagavenkatasudhakar.bavirisetty@jasmin-infotech.com,madhubala.subbaiya@jasmin-infotech.com"
      ^

6 errors

	at org.codehaus.groovy.control.ErrorCollector.failIfErrors(ErrorCollector.java:310)
	at org.codehaus.groovy.control.CompilationUnit.applyToPrimaryClassNodes(CompilationUnit.java:1085)
	at org.codehaus.groovy.control.CompilationUnit.doPhaseOperation(CompilationUnit.java:603)
	at org.codehaus.groovy.control.CompilationUnit.processPhaseOperations(CompilationUnit.java:581)
	at org.codehaus.groovy.control.CompilationUnit.compile(CompilationUnit.java:558)
	at groovy.lang.GroovyClassLoader.doParseClass(GroovyClassLoader.java:298)
	at groovy.lang.GroovyClassLoader.parseClass(GroovyClassLoader.java:268)
	at groovy.lang.GroovyShell.parseClass(GroovyShell.java:688)
	at groovy.lang.GroovyShell.parse(GroovyShell.java:700)
	at org.jenkinsci.plugins.workflow.cps.CpsGroovyShell.doParse(CpsGroovyShell.java:131)
	at org.jenkinsci.plugins.workflow.cps.CpsGroovyShell.reparse(CpsGroovyShell.java:125)
	at org.jenkinsci.plugins.workflow.cps.CpsFlowExecution.parseScript(CpsFlowExecution.java:560)
	at org.jenkinsci.plugins.workflow.cps.CpsFlowExecution.start(CpsFlowExecution.java:521)
	at org.jenkinsci.plugins.workflow.job.WorkflowRun.run(WorkflowRun.java:319)
	at hudson.model.ResourceController.execute(ResourceController.java:97)
	at hudson.model.Executor.run(Executor.java:429)
Finished: FAILURE
