Started by user [8mha:////4MysMQCf1D+OCnlKOheSkx4Uc8bQBDtISmx1ixb2fyVuAAAAqR+LCAAAAAAAAP9b85aBtbiIQTGjNKU4P08vOT+vOD8nVc83PyU1x6OyILUoJzMv2y+/JJUBAhiZGBgqihhk0NSjKDWzXb3RdlLBUSYGJk8GtpzUvPSSDB8G5tKinBIGIZ+sxLJE/ZzEvHT94JKizLx0a6BxUmjGOUNodHsLgAy1EgZZ/dLi1CL9rMTKxLzE9MSy1LzsxJLE4tKUjMTsxCIAet+PvdIAAAA=[0mjaya naga venkata sudhakar bavirisetty
Lightweight checkout support not available, falling back to full checkout.
Checking out git https://github.com/jayanagavenkatasudhakar/jenkins.git into C:\Program Files (x86)\Jenkins\workspace\ftp_1-pipeline_jaya_parallel@script to read declarative_parallel
 > git.exe rev-parse --is-inside-work-tree # timeout=10
Fetching changes from the remote Git repository
 > git.exe config remote.origin.url https://github.com/jayanagavenkatasudhakar/jenkins.git # timeout=10
Fetching upstream changes from https://github.com/jayanagavenkatasudhakar/jenkins.git
 > git.exe --version # timeout=10
 > git.exe fetch --tags --progress https://github.com/jayanagavenkatasudhakar/jenkins.git +refs/heads/*:refs/remotes/origin/*
Seen branch in repository origin/master
Seen 1 remote branch
 > git.exe show-ref --tags -d # timeout=10
Checking out Revision a19d74eadc01e77b1c6f9804fec12d2897934b9f (origin/master)
 > git.exe config core.sparsecheckout # timeout=10
 > git.exe checkout -f a19d74eadc01e77b1c6f9804fec12d2897934b9f
Commit message: "Update declarative_parallel"
 > git.exe rev-list --no-walk 39386addc6c419b48dc32a53c22f5373b7e69fa9 # timeout=10
Running in Durability level: MAX_SURVIVABILITY
org.codehaus.groovy.control.MultipleCompilationErrorsException: startup failed:
WorkflowScript: 45: Undefined section "stage" @ line 45, column 2.
   	stage(pulling_both_branches)
    ^

WorkflowScript: 42: Missing required section "stages" @ line 42, column 1.
   pipeline
   ^

2 errors

	at org.codehaus.groovy.control.ErrorCollector.failIfErrors(ErrorCollector.java:310)
	at org.codehaus.groovy.control.CompilationUnit.applyToPrimaryClassNodes(CompilationUnit.java:1085)
	at org.codehaus.groovy.control.CompilationUnit.doPhaseOperation(CompilationUnit.java:603)
	at org.codehaus.groovy.control.CompilationUnit.processPhaseOperations(CompilationUnit.java:581)
	at org.codehaus.groovy.control.CompilationUnit.compile(CompilationUnit.java:558)
	at groovy.lang.GroovyClassLoader.doParseClass(GroovyClassLoader.java:298)
	at groovy.lang.GroovyClassLoader.parseClass(GroovyClassLoader.java:268)
	at groovy.lang.GroovyShell.parseClass(GroovyShell.java:688)
	at groovy.lang.GroovyShell.parse(GroovyShell.java:700)
	at org.jenkinsci.plugins.workflow.cps.CpsGroovyShell.doParse(CpsGroovyShell.java:131)
	at org.jenkinsci.plugins.workflow.cps.CpsGroovyShell.reparse(CpsGroovyShell.java:125)
	at org.jenkinsci.plugins.workflow.cps.CpsFlowExecution.parseScript(CpsFlowExecution.java:560)
	at org.jenkinsci.plugins.workflow.cps.CpsFlowExecution.start(CpsFlowExecution.java:521)
	at org.jenkinsci.plugins.workflow.job.WorkflowRun.run(WorkflowRun.java:319)
	at hudson.model.ResourceController.execute(ResourceController.java:97)
	at hudson.model.Executor.run(Executor.java:429)
Finished: FAILURE
