Started by user [8mha:////4MysMQCf1D+OCnlKOheSkx4Uc8bQBDtISmx1ixb2fyVuAAAAqR+LCAAAAAAAAP9b85aBtbiIQTGjNKU4P08vOT+vOD8nVc83PyU1x6OyILUoJzMv2y+/JJUBAhiZGBgqihhk0NSjKDWzXb3RdlLBUSYGJk8GtpzUvPSSDB8G5tKinBIGIZ+sxLJE/ZzEvHT94JKizLx0a6BxUmjGOUNodHsLgAy1EgZZ/dLi1CL9rMTKxLzE9MSy1LzsxJLE4tKUjMTsxCIAet+PvdIAAAA=[0mjaya naga venkata sudhakar bavirisetty
Lightweight checkout support not available, falling back to full checkout.
Checking out git https://github.com/jayanagavenkatasudhakar/jenkins.git into C:\Program Files (x86)\Jenkins\workspace\ftp_1-pipeline_jaya_parallel@script to read declarative_parallel
Cloning the remote Git repository
Cloning repository https://github.com/jayanagavenkatasudhakar/jenkins.git
 > git.exe init C:\Program Files (x86)\Jenkins\workspace\ftp_1-pipeline_jaya_parallel@script # timeout=10
Fetching upstream changes from https://github.com/jayanagavenkatasudhakar/jenkins.git
 > git.exe --version # timeout=10
 > git.exe fetch --tags --progress https://github.com/jayanagavenkatasudhakar/jenkins.git +refs/heads/*:refs/remotes/origin/*
 > git.exe config remote.origin.url https://github.com/jayanagavenkatasudhakar/jenkins.git # timeout=10
 > git.exe config --add remote.origin.fetch +refs/heads/*:refs/remotes/origin/* # timeout=10
 > git.exe config remote.origin.url https://github.com/jayanagavenkatasudhakar/jenkins.git # timeout=10
Fetching upstream changes from https://github.com/jayanagavenkatasudhakar/jenkins.git
 > git.exe fetch --tags --progress https://github.com/jayanagavenkatasudhakar/jenkins.git +refs/heads/*:refs/remotes/origin/*
Seen branch in repository origin/master
Seen 1 remote branch
 > git.exe show-ref --tags -d # timeout=10
Checking out Revision c9cc044e21879945bb316e13beecf266b76e3cc5 (origin/master)
 > git.exe config core.sparsecheckout # timeout=10
 > git.exe checkout -f c9cc044e21879945bb316e13beecf266b76e3cc5
Commit message: "Update declarative_parallel"
 > git.exe rev-list --no-walk 6ad24ccaf6dc9f79bb6248d5aa56f0bad7326bc6 # timeout=10
Running in Durability level: MAX_SURVIVABILITY
org.codehaus.groovy.control.MultipleCompilationErrorsException: startup failed:
WorkflowScript: 40: unexpected token: * @ line 40, column 1.
   */
   ^

1 error

	at org.codehaus.groovy.control.ErrorCollector.failIfErrors(ErrorCollector.java:310)
	at org.codehaus.groovy.control.ErrorCollector.addFatalError(ErrorCollector.java:150)
	at org.codehaus.groovy.control.ErrorCollector.addError(ErrorCollector.java:120)
	at org.codehaus.groovy.control.ErrorCollector.addError(ErrorCollector.java:132)
	at org.codehaus.groovy.control.SourceUnit.addError(SourceUnit.java:350)
	at org.codehaus.groovy.antlr.AntlrParserPlugin.transformCSTIntoAST(AntlrParserPlugin.java:144)
	at org.codehaus.groovy.antlr.AntlrParserPlugin.parseCST(AntlrParserPlugin.java:110)
	at org.codehaus.groovy.control.SourceUnit.parse(SourceUnit.java:234)
	at org.codehaus.groovy.control.CompilationUnit$1.call(CompilationUnit.java:168)
	at org.codehaus.groovy.control.CompilationUnit.applyToSourceUnits(CompilationUnit.java:943)
	at org.codehaus.groovy.control.CompilationUnit.doPhaseOperation(CompilationUnit.java:605)
	at org.codehaus.groovy.control.CompilationUnit.processPhaseOperations(CompilationUnit.java:581)
	at org.codehaus.groovy.control.CompilationUnit.compile(CompilationUnit.java:558)
	at groovy.lang.GroovyClassLoader.doParseClass(GroovyClassLoader.java:298)
	at groovy.lang.GroovyClassLoader.parseClass(GroovyClassLoader.java:268)
	at groovy.lang.GroovyShell.parseClass(GroovyShell.java:688)
	at groovy.lang.GroovyShell.parse(GroovyShell.java:700)
	at org.jenkinsci.plugins.workflow.cps.CpsGroovyShell.doParse(CpsGroovyShell.java:131)
	at org.jenkinsci.plugins.workflow.cps.CpsGroovyShell.reparse(CpsGroovyShell.java:125)
	at org.jenkinsci.plugins.workflow.cps.CpsFlowExecution.parseScript(CpsFlowExecution.java:560)
	at org.jenkinsci.plugins.workflow.cps.CpsFlowExecution.start(CpsFlowExecution.java:521)
	at org.jenkinsci.plugins.workflow.job.WorkflowRun.run(WorkflowRun.java:319)
	at hudson.model.ResourceController.execute(ResourceController.java:97)
	at hudson.model.Executor.run(Executor.java:429)
Finished: FAILURE
